This file contains any messages produced by compilers while
running configure, to aid debugging if configure makes a mistake.

It was created by configure, which was
generated by GNU Autoconf 2.71.  Invocation command line was

  $ ./configure --with-php-config=/usr/bin/php-config8.4

## --------- ##
## Platform. ##
## --------- ##

hostname = dev1
uname -m = x86_64
uname -r = 6.8.0-57-generic
uname -s = Linux
uname -v = #59-Ubuntu SMP PREEMPT_DYNAMIC Sat Mar 15 17:40:59 UTC 2025

/usr/bin/uname -p = x86_64
/bin/uname -X     = unknown

/bin/arch              = x86_64
/usr/bin/arch -k       = unknown
/usr/convex/getsysinfo = unknown
/usr/bin/hostinfo      = unknown
/bin/machine           = unknown
/usr/bin/oslevel       = unknown
/bin/universe          = unknown

PATH: /bin/
PATH: /home/jochen/.cargo/bin/
PATH: /home/jochen/.pyenv/shims/
PATH: /home/jochen/.pyenv/bin/
PATH: /home/jochen/.nvm/versions/node/v22.14.0/bin/
PATH: /home/jochen/miniconda3/bin/
PATH: /home/jochen/miniconda3/condabin/
PATH: /home/jochen/.local/bin/
PATH: /usr/local/sbin/
PATH: /usr/local/bin/
PATH: /usr/sbin/
PATH: /usr/bin/
PATH: /sbin/
PATH: /bin/
PATH: /usr/games/
PATH: /usr/local/games/
PATH: /snap/bin/
PATH: /snap/bin/
PATH: /home/jochen/.local/share/JetBrains/Toolbox/scripts/


## ----------- ##
## Core tests. ##
## ----------- ##

configure:2368: looking for aux files: ltmain.sh config.guess config.sub
configure:2381:  trying ./build/
configure:2410:   ./build/ltmain.sh found
configure:2410:   ./build/config.guess found
configure:2410:   ./build/config.sub found
configure:2527: checking for grep that handles long lines and -e
configure:2591: result: /bin/grep
configure:2596: checking for egrep
configure:2664: result: /bin/grep -E
configure:2669: checking for a sed that does not truncate output
configure:2739: result: /bin/sed
configure:2816: checking build system type
configure:2831: result: x86_64-pc-linux-gnu
configure:2851: checking host system type
configure:2865: result: x86_64-pc-linux-gnu
configure:2885: checking target system type
configure:2899: result: x86_64-pc-linux-gnu
configure:2951: checking for gawk
configure:2987: result: no
configure:2951: checking for nawk
configure:2973: found /bin/nawk
configure:2984: result: nawk
configure:3006: checking if nawk is broken
configure:3016: result: no
configure:3090: checking for pkg-config
configure:3113: found /bin/pkg-config
configure:3125: result: /bin/pkg-config
configure:3150: checking pkg-config is at least version 0.9.0
configure:3153: result: yes
configure:3229: checking for cc
configure:3250: found /bin/cc
configure:3261: result: cc
configure:3292: checking for C compiler version
configure:3301: cc --version >&5
cc (Ubuntu 13.3.0-6ubuntu2~24.04) 13.3.0
Copyright (C) 2023 Free Software Foundation, Inc.
This is free software; see the source for copying conditions.  There is NO
warranty; not even for MERCHANTABILITY or FITNESS FOR A PARTICULAR PURPOSE.

configure:3312: $? = 0
configure:3301: cc -v >&5
Using built-in specs.
COLLECT_GCC=cc
COLLECT_LTO_WRAPPER=/usr/libexec/gcc/x86_64-linux-gnu/13/lto-wrapper
OFFLOAD_TARGET_NAMES=nvptx-none:amdgcn-amdhsa
OFFLOAD_TARGET_DEFAULT=1
Target: x86_64-linux-gnu
Configured with: ../src/configure -v --with-pkgversion='Ubuntu 13.3.0-6ubuntu2~24.04' --with-bugurl=file:///usr/share/doc/gcc-13/README.Bugs --enable-languages=c,ada,c++,go,d,fortran,objc,obj-c++,m2 --prefix=/usr --with-gcc-major-version-only --program-suffix=-13 --program-prefix=x86_64-linux-gnu- --enable-shared --enable-linker-build-id --libexecdir=/usr/libexec --without-included-gettext --enable-threads=posix --libdir=/usr/lib --enable-nls --enable-bootstrap --enable-clocale=gnu --enable-libstdcxx-debug --enable-libstdcxx-time=yes --with-default-libstdcxx-abi=new --enable-libstdcxx-backtrace --enable-gnu-unique-object --disable-vtable-verify --enable-plugin --enable-default-pie --with-system-zlib --enable-libphobos-checking=release --with-target-system-zlib=auto --enable-objc-gc=auto --enable-multiarch --disable-werror --enable-cet --with-arch-32=i686 --with-abi=m64 --with-multilib-list=m32,m64,mx32 --enable-multilib --with-tune=generic --enable-offload-targets=nvptx-none=/build/gcc-13-fG75Ri/gcc-13-13.3.0/debian/tmp-nvptx/usr,amdgcn-amdhsa=/build/gcc-13-fG75Ri/gcc-13-13.3.0/debian/tmp-gcn/usr --enable-offload-defaulted --without-cuda-driver --enable-checking=release --build=x86_64-linux-gnu --host=x86_64-linux-gnu --target=x86_64-linux-gnu --with-build-config=bootstrap-lto-lean --enable-link-serialization=2
Thread model: posix
Supported LTO compression algorithms: zlib zstd
gcc version 13.3.0 (Ubuntu 13.3.0-6ubuntu2~24.04) 
... rest of stderr output deleted ...
configure:3312: $? = 0
configure:3301: cc -V >&5
cc: error: unrecognized command-line option '-V'
cc: fatal error: no input files
compilation terminated.
configure:3312: $? = 1
configure:3301: cc -qversion >&5
cc: error: unrecognized command-line option '-qversion'; did you mean '--version'?
cc: fatal error: no input files
compilation terminated.
configure:3312: $? = 1
configure:3301: cc -version >&5
cc: error: unrecognized command-line option '-version'
cc: fatal error: no input files
compilation terminated.
configure:3312: $? = 1
configure:3332: checking whether the C compiler works
configure:3354: cc  -I/home/jochen/projects/quicpro-php/quicpro_async/extension/include -I/home/jochen/projects/quicpro-php/quicpro_async/extension/../quiche/include -L/home/jochen/projects/quicpro-php/quicpro_async/extension/../quiche/target/release                   -Wl,-rpath=/home/jochen/projects/quicpro-php/quicpro_async/extension/../quiche/target/release conftest.c  >&5
configure:3358: $? = 0
configure:3408: result: yes
configure:3411: checking for C compiler default output file name
configure:3413: result: a.out
configure:3419: checking for suffix of executables
configure:3426: cc -o conftest  -I/home/jochen/projects/quicpro-php/quicpro_async/extension/include -I/home/jochen/projects/quicpro-php/quicpro_async/extension/../quiche/include -L/home/jochen/projects/quicpro-php/quicpro_async/extension/../quiche/target/release                   -Wl,-rpath=/home/jochen/projects/quicpro-php/quicpro_async/extension/../quiche/target/release conftest.c  >&5
configure:3430: $? = 0
configure:3453: result: 
configure:3475: checking whether we are cross compiling
configure:3483: cc -o conftest  -I/home/jochen/projects/quicpro-php/quicpro_async/extension/include -I/home/jochen/projects/quicpro-php/quicpro_async/extension/../quiche/include -L/home/jochen/projects/quicpro-php/quicpro_async/extension/../quiche/target/release                   -Wl,-rpath=/home/jochen/projects/quicpro-php/quicpro_async/extension/../quiche/target/release conftest.c  >&5
configure:3487: $? = 0
configure:3494: ./conftest
configure:3498: $? = 0
configure:3513: result: no
configure:3518: checking for suffix of object files
configure:3541: cc -c  -I/home/jochen/projects/quicpro-php/quicpro_async/extension/include -I/home/jochen/projects/quicpro-php/quicpro_async/extension/../quiche/include conftest.c >&5
configure:3545: $? = 0
configure:3567: result: o
configure:3571: checking whether the compiler supports GNU C
configure:3591: cc -c  -I/home/jochen/projects/quicpro-php/quicpro_async/extension/include -I/home/jochen/projects/quicpro-php/quicpro_async/extension/../quiche/include conftest.c >&5
configure:3591: $? = 0
configure:3601: result: yes
configure:3612: checking whether cc accepts -g
configure:3633: cc -c -g -I/home/jochen/projects/quicpro-php/quicpro_async/extension/include -I/home/jochen/projects/quicpro-php/quicpro_async/extension/../quiche/include conftest.c >&5
configure:3633: $? = 0
configure:3677: result: yes
configure:3697: checking for cc option to enable C11 features
configure:3712: cc  -c -g -O2 -I/home/jochen/projects/quicpro-php/quicpro_async/extension/include -I/home/jochen/projects/quicpro-php/quicpro_async/extension/../quiche/include conftest.c >&5
configure:3712: $? = 0
configure:3730: result: none needed
configure:3846: checking how to run the C preprocessor
configure:3872: cc -E -I/home/jochen/projects/quicpro-php/quicpro_async/extension/include -I/home/jochen/projects/quicpro-php/quicpro_async/extension/../quiche/include conftest.c
configure:3872: $? = 0
configure:3887: cc -E -I/home/jochen/projects/quicpro-php/quicpro_async/extension/include -I/home/jochen/projects/quicpro-php/quicpro_async/extension/../quiche/include conftest.c
conftest.c:9:10: fatal error: ac_nonexistent.h: No such file or directory
    9 | #include <ac_nonexistent.h>
      |          ^~~~~~~~~~~~~~~~~~
compilation terminated.
configure:3887: $? = 1
configure: failed program was:
| /* confdefs.h */
| #define PACKAGE_NAME ""
| #define PACKAGE_TARNAME ""
| #define PACKAGE_VERSION ""
| #define PACKAGE_STRING ""
| #define PACKAGE_BUGREPORT ""
| #define PACKAGE_URL ""
| /* end confdefs.h.  */
| #include <ac_nonexistent.h>
configure:3914: result: cc -E
configure:3928: cc -E -I/home/jochen/projects/quicpro-php/quicpro_async/extension/include -I/home/jochen/projects/quicpro-php/quicpro_async/extension/../quiche/include conftest.c
configure:3928: $? = 0
configure:3943: cc -E -I/home/jochen/projects/quicpro-php/quicpro_async/extension/include -I/home/jochen/projects/quicpro-php/quicpro_async/extension/../quiche/include conftest.c
conftest.c:9:10: fatal error: ac_nonexistent.h: No such file or directory
    9 | #include <ac_nonexistent.h>
      |          ^~~~~~~~~~~~~~~~~~
compilation terminated.
configure:3943: $? = 1
configure: failed program was:
| /* confdefs.h */
| #define PACKAGE_NAME ""
| #define PACKAGE_TARNAME ""
| #define PACKAGE_VERSION ""
| #define PACKAGE_STRING ""
| #define PACKAGE_BUGREPORT ""
| #define PACKAGE_URL ""
| /* end confdefs.h.  */
| #include <ac_nonexistent.h>
configure:3976: checking for icc
configure:3986: result: no
configure:4000: checking for suncc
configure:4010: result: no
configure:4028: checking for system library directory
configure:4044: result: lib
configure:4051: checking if compiler supports -Wl,-rpath,
configure:4071: cc -o conftest -g -O2 -I/home/jochen/projects/quicpro-php/quicpro_async/extension/include -I/home/jochen/projects/quicpro-php/quicpro_async/extension/../quiche/include -L/home/jochen/projects/quicpro-php/quicpro_async/extension/../quiche/target/release                   -Wl,-rpath=/home/jochen/projects/quicpro-php/quicpro_async/extension/../quiche/target/release conftest.c -Wl,-rpath,/usr/lib  >&5
configure:4071: $? = 0
configure:4082: result: yes
configure:4201: checking for PHP prefix
configure:4203: result: /usr
configure:4205: checking for PHP includes
configure:4207: result: -I/usr/include/php/20240924 -I/usr/include/php/20240924/main -I/usr/include/php/20240924/TSRM -I/usr/include/php/20240924/Zend -I/usr/include/php/20240924/ext -I/usr/include/php/20240924/ext/date/lib
configure:4209: checking for PHP extension directory
configure:4211: result: /usr/lib/php/20240924
configure:4213: checking for PHP installed headers prefix
configure:4215: result: /usr/include/php/20240924
configure:4218: checking if debugging is enabled
configure:4241: result: no
configure:4244: checking if PHP is built with thread safety (ZTS)
configure:4267: result: no
configure:4343: result: 
configure:4345: result: [1mConfiguring extension[m
configure:4352: checking whether to build the quicpro_async extension
configure:4392: result: yes, shared
configure:4842: result: 
configure:4844: result: [1mConfiguring libtool[m
configure:4902: checking how to print strings
configure:4929: result: printf
configure:4950: checking for a sed that does not truncate output
configure:5020: result: /bin/sed
configure:5038: checking for fgrep
configure:5106: result: /bin/grep -F
configure:5142: checking for ld used by cc
configure:5210: result: /bin/ld
configure:5217: checking if the linker (/bin/ld) is GNU ld
configure:5233: result: yes
configure:5245: checking for BSD- or MS-compatible name lister (nm)
configure:5300: result: /bin/nm -B
configure:5440: checking the name lister (/bin/nm -B) interface
configure:5448: cc -c -g -O2 -I/home/jochen/projects/quicpro-php/quicpro_async/extension/include -I/home/jochen/projects/quicpro-php/quicpro_async/extension/../quiche/include conftest.c >&5
configure:5451: /bin/nm -B "conftest.o"
configure:5454: output
0000000000000000 B some_variable
configure:5461: result: BSD nm
configure:5464: checking whether ln -s works
configure:5468: result: yes
configure:5476: checking the maximum length of command line arguments
configure:5608: result: 1572864
configure:5656: checking how to convert x86_64-pc-linux-gnu file names to x86_64-pc-linux-gnu format
configure:5697: result: func_convert_file_noop
configure:5704: checking how to convert x86_64-pc-linux-gnu file names to toolchain format
configure:5725: result: func_convert_file_noop
configure:5732: checking for /bin/ld option to reload object files
configure:5740: result: -r
configure:5819: checking for file
configure:5840: found /bin/file
configure:5851: result: file
configure:5927: checking for objdump
configure:5948: found /bin/objdump
configure:5959: result: objdump
configure:5991: checking how to recognize dependent libraries
configure:6192: result: pass_all
configure:6282: checking for dlltool
configure:6317: result: no
configure:6347: checking how to associate runtime and link libraries
configure:6375: result: printf %s\n
configure:6440: checking for ar
configure:6461: found /bin/ar
configure:6472: result: ar
configure:6525: checking for archiver @FILE support
configure:6543: cc -c -g -O2 -I/home/jochen/projects/quicpro-php/quicpro_async/extension/include -I/home/jochen/projects/quicpro-php/quicpro_async/extension/../quiche/include conftest.c >&5
configure:6543: $? = 0
configure:6547: ar cr libconftest.a @conftest.lst >&5
configure:6550: $? = 0
configure:6555: ar cr libconftest.a @conftest.lst >&5
ar: conftest.o: No such file or directory
configure:6558: $? = 1
configure:6570: result: @
configure:6633: checking for strip
configure:6654: found /bin/strip
configure:6665: result: strip
configure:6742: checking for ranlib
configure:6763: found /bin/ranlib
configure:6774: result: ranlib
configure:6851: checking for gawk
configure:6883: result: nawk
configure:6923: checking command to parse /bin/nm -B output from cc object
configure:7077: cc -c -g -O2 -I/home/jochen/projects/quicpro-php/quicpro_async/extension/include -I/home/jochen/projects/quicpro-php/quicpro_async/extension/../quiche/include conftest.c >&5
configure:7080: $? = 0
configure:7084: /bin/nm -B conftest.o | /bin/sed -n -e 's/^.*[	 ]\([ABCDGIRSTW][ABCDGIRSTW]*\)[	 ][	 ]*\([_A-Za-z][_A-Za-z0-9]*\)$/\1 \2 \2/p' | /bin/sed '/ __gnu_lto/d' > conftest.nm
configure:7150: cc -o conftest -g -O2 -I/home/jochen/projects/quicpro-php/quicpro_async/extension/include -I/home/jochen/projects/quicpro-php/quicpro_async/extension/../quiche/include -L/home/jochen/projects/quicpro-php/quicpro_async/extension/../quiche/target/release                   -Wl,-rpath=/home/jochen/projects/quicpro-php/quicpro_async/extension/../quiche/target/release conftest.c conftstm.o >&5
configure:7153: $? = 0
configure:7191: result: ok
configure:7238: checking for sysroot
configure:7269: result: no
configure:7276: checking for a working dd
configure:7320: result: /bin/dd
configure:7324: checking how to truncate binary pipes
configure:7340: result: /bin/dd bs=4096 count=1
configure:7477: cc -c -g -O2 -I/home/jochen/projects/quicpro-php/quicpro_async/extension/include -I/home/jochen/projects/quicpro-php/quicpro_async/extension/../quiche/include conftest.c >&5
configure:7480: $? = 0
configure:7677: checking for mt
configure:7698: found /bin/mt
configure:7709: result: mt
configure:7732: checking if mt is a manifest tool
configure:7739: mt '-?'
configure:7747: result: no
configure:8472: checking for stdio.h
configure:8472: cc -c -g -O2 -I/home/jochen/projects/quicpro-php/quicpro_async/extension/include -I/home/jochen/projects/quicpro-php/quicpro_async/extension/../quiche/include conftest.c >&5
configure:8472: $? = 0
configure:8472: result: yes
configure:8472: checking for stdlib.h
configure:8472: cc -c -g -O2 -I/home/jochen/projects/quicpro-php/quicpro_async/extension/include -I/home/jochen/projects/quicpro-php/quicpro_async/extension/../quiche/include conftest.c >&5
configure:8472: $? = 0
configure:8472: result: yes
configure:8472: checking for string.h
configure:8472: cc -c -g -O2 -I/home/jochen/projects/quicpro-php/quicpro_async/extension/include -I/home/jochen/projects/quicpro-php/quicpro_async/extension/../quiche/include conftest.c >&5
configure:8472: $? = 0
configure:8472: result: yes
configure:8472: checking for inttypes.h
configure:8472: cc -c -g -O2 -I/home/jochen/projects/quicpro-php/quicpro_async/extension/include -I/home/jochen/projects/quicpro-php/quicpro_async/extension/../quiche/include conftest.c >&5
configure:8472: $? = 0
configure:8472: result: yes
configure:8472: checking for stdint.h
configure:8472: cc -c -g -O2 -I/home/jochen/projects/quicpro-php/quicpro_async/extension/include -I/home/jochen/projects/quicpro-php/quicpro_async/extension/../quiche/include conftest.c >&5
configure:8472: $? = 0
configure:8472: result: yes
configure:8472: checking for strings.h
configure:8472: cc -c -g -O2 -I/home/jochen/projects/quicpro-php/quicpro_async/extension/include -I/home/jochen/projects/quicpro-php/quicpro_async/extension/../quiche/include conftest.c >&5
configure:8472: $? = 0
configure:8472: result: yes
configure:8472: checking for sys/stat.h
configure:8472: cc -c -g -O2 -I/home/jochen/projects/quicpro-php/quicpro_async/extension/include -I/home/jochen/projects/quicpro-php/quicpro_async/extension/../quiche/include conftest.c >&5
configure:8472: $? = 0
configure:8472: result: yes
configure:8472: checking for sys/types.h
configure:8472: cc -c -g -O2 -I/home/jochen/projects/quicpro-php/quicpro_async/extension/include -I/home/jochen/projects/quicpro-php/quicpro_async/extension/../quiche/include conftest.c >&5
configure:8472: $? = 0
configure:8472: result: yes
configure:8472: checking for unistd.h
configure:8472: cc -c -g -O2 -I/home/jochen/projects/quicpro-php/quicpro_async/extension/include -I/home/jochen/projects/quicpro-php/quicpro_async/extension/../quiche/include conftest.c >&5
configure:8472: $? = 0
configure:8472: result: yes
configure:8497: checking for dlfcn.h
configure:8497: cc -c -g -O2 -I/home/jochen/projects/quicpro-php/quicpro_async/extension/include -I/home/jochen/projects/quicpro-php/quicpro_async/extension/../quiche/include conftest.c >&5
configure:8497: $? = 0
configure:8497: result: yes
configure:8756: checking for objdir
configure:8772: result: .libs
configure:9036: checking if cc supports -fno-rtti -fno-exceptions
configure:9055: cc -c -g -O2 -I/home/jochen/projects/quicpro-php/quicpro_async/extension/include -I/home/jochen/projects/quicpro-php/quicpro_async/extension/../quiche/include -fno-rtti -fno-exceptions conftest.c >&5
cc1: warning: command-line option '-fno-rtti' is valid for C++/D/ObjC++ but not for C
configure:9059: $? = 0
configure:9072: result: no
configure:9436: checking for cc option to produce PIC
configure:9444: result: -fPIC -DPIC
configure:9452: checking if cc PIC flag -fPIC -DPIC works
configure:9471: cc -c -g -O2 -I/home/jochen/projects/quicpro-php/quicpro_async/extension/include -I/home/jochen/projects/quicpro-php/quicpro_async/extension/../quiche/include -fPIC -DPIC -DPIC conftest.c >&5
configure:9475: $? = 0
configure:9488: result: yes
configure:9517: checking if cc static flag -static works
configure:9546: result: yes
configure:9561: checking if cc supports -c -o file.o
configure:9583: cc -c -g -O2 -I/home/jochen/projects/quicpro-php/quicpro_async/extension/include -I/home/jochen/projects/quicpro-php/quicpro_async/extension/../quiche/include -o out/conftest2.o conftest.c >&5
configure:9587: $? = 0
configure:9609: result: yes
configure:9617: checking if cc supports -c -o file.o
configure:9665: result: yes
configure:9698: checking whether the cc linker (/bin/ld -m elf_x86_64) supports shared libraries
configure:10972: result: yes
configure:11009: checking whether -lc should be explicitly linked in
configure:11018: cc -c -g -O2 -I/home/jochen/projects/quicpro-php/quicpro_async/extension/include -I/home/jochen/projects/quicpro-php/quicpro_async/extension/../quiche/include conftest.c >&5
configure:11021: $? = 0
configure:11036: cc -shared  -fPIC -DPIC conftest.o  -v -Wl,-soname -Wl,conftest -o conftest 2\>\&1 \| /bin/grep  -lc  \>/dev/null 2\>\&1
configure:11039: $? = 0
configure:11053: result: no
configure:11213: checking dynamic linker characteristics
configure:11795: cc -o conftest -g -O2 -I/home/jochen/projects/quicpro-php/quicpro_async/extension/include -I/home/jochen/projects/quicpro-php/quicpro_async/extension/../quiche/include -L/home/jochen/projects/quicpro-php/quicpro_async/extension/../quiche/target/release                   -Wl,-rpath=/home/jochen/projects/quicpro-php/quicpro_async/extension/../quiche/target/release -Wl,-rpath -Wl,/foo conftest.c  >&5
configure:11795: $? = 0
configure:12046: result: GNU/Linux ld.so
configure:12168: checking how to hardcode library paths into programs
configure:12193: result: immediate
configure:12745: checking whether stripping libraries is possible
configure:12754: result: yes
configure:12796: checking if libtool supports shared libraries
configure:12798: result: yes
configure:12801: checking whether to build shared libraries
configure:12826: result: yes
configure:12829: checking whether to build static libraries
configure:12833: result: no
configure:13024: result: 
configure:13026: result: [1mGenerating files[m
configure:13143: creating build directories
configure:13148: creating Makefile
configure:13164: patching config.h.in
configure:13175: creating ./config.status

## ---------------------- ##
## Running config.status. ##
## ---------------------- ##

This file was extended by config.status, which was
generated by GNU Autoconf 2.71.  Invocation command line was

  CONFIG_FILES    = 
  CONFIG_HEADERS  = 
  CONFIG_LINKS    = 
  CONFIG_COMMANDS = 
  $ ./config.status 

on dev1

config.status:883: creating config.h
config.status:973: config.h is unchanged
config.status:987: executing libtool commands

## ---------------- ##
## Cache variables. ##
## ---------------- ##

ac_cv_build=x86_64-pc-linux-gnu
ac_cv_c_compiler_gnu=yes
ac_cv_env_CC_set=
ac_cv_env_CC_value=
ac_cv_env_CFLAGS_set=
ac_cv_env_CFLAGS_value=
ac_cv_env_CPPFLAGS_set=set
ac_cv_env_CPPFLAGS_value='-I/home/jochen/projects/quicpro-php/quicpro_async/extension/include -I/home/jochen/projects/quicpro-php/quicpro_async/extension/../quiche/include'
ac_cv_env_CPP_set=
ac_cv_env_CPP_value=
ac_cv_env_LDFLAGS_set=set
ac_cv_env_LDFLAGS_value='-L/home/jochen/projects/quicpro-php/quicpro_async/extension/../quiche/target/release                   -Wl,-rpath=/home/jochen/projects/quicpro-php/quicpro_async/extension/../quiche/target/release'
ac_cv_env_LIBS_set=
ac_cv_env_LIBS_value=
ac_cv_env_LT_SYS_LIBRARY_PATH_set=
ac_cv_env_LT_SYS_LIBRARY_PATH_value=
ac_cv_env_PKG_CONFIG_LIBDIR_set=
ac_cv_env_PKG_CONFIG_LIBDIR_value=
ac_cv_env_PKG_CONFIG_PATH_set=
ac_cv_env_PKG_CONFIG_PATH_value=
ac_cv_env_PKG_CONFIG_set=
ac_cv_env_PKG_CONFIG_value=
ac_cv_env_build_alias_set=
ac_cv_env_build_alias_value=
ac_cv_env_host_alias_set=
ac_cv_env_host_alias_value=
ac_cv_env_target_alias_set=
ac_cv_env_target_alias_value=
ac_cv_header_dlfcn_h=yes
ac_cv_header_inttypes_h=yes
ac_cv_header_stdint_h=yes
ac_cv_header_stdio_h=yes
ac_cv_header_stdlib_h=yes
ac_cv_header_string_h=yes
ac_cv_header_strings_h=yes
ac_cv_header_sys_stat_h=yes
ac_cv_header_sys_types_h=yes
ac_cv_header_unistd_h=yes
ac_cv_host=x86_64-pc-linux-gnu
ac_cv_objext=o
ac_cv_path_EGREP='/bin/grep -E'
ac_cv_path_FGREP='/bin/grep -F'
ac_cv_path_GREP=/bin/grep
ac_cv_path_SED=/bin/sed
ac_cv_path_ac_pt_PKG_CONFIG=/bin/pkg-config
ac_cv_path_lt_DD=/bin/dd
ac_cv_prog_AWK=nawk
ac_cv_prog_CPP='cc -E'
ac_cv_prog_ac_ct_AR=ar
ac_cv_prog_ac_ct_CC=cc
ac_cv_prog_ac_ct_FILECMD=file
ac_cv_prog_ac_ct_MANIFEST_TOOL=mt
ac_cv_prog_ac_ct_OBJDUMP=objdump
ac_cv_prog_ac_ct_RANLIB=ranlib
ac_cv_prog_ac_ct_STRIP=strip
ac_cv_prog_cc_c11=
ac_cv_prog_cc_g=yes
ac_cv_prog_cc_stdc=
ac_cv_target=x86_64-pc-linux-gnu
lt_cv_ar_at_file=@
lt_cv_archive_cmds_need_lc=no
lt_cv_deplibs_check_method=pass_all
lt_cv_file_magic_cmd='$MAGIC_CMD'
lt_cv_file_magic_test_file=
lt_cv_ld_reload_flag=-r
lt_cv_nm_interface='BSD nm'
lt_cv_objdir=.libs
lt_cv_path_LD=/bin/ld
lt_cv_path_NM='/bin/nm -B'
lt_cv_path_mainfest_tool=no
lt_cv_prog_compiler_c_o=yes
lt_cv_prog_compiler_pic='-fPIC -DPIC'
lt_cv_prog_compiler_pic_works=yes
lt_cv_prog_compiler_rtti_exceptions=no
lt_cv_prog_compiler_static_works=yes
lt_cv_prog_gnu_ld=yes
lt_cv_sharedlib_from_linklib_cmd='printf %s\n'
lt_cv_shlibpath_overrides_runpath=yes
lt_cv_sys_global_symbol_pipe='/bin/sed -n -e '\''s/^.*[	 ]\([ABCDGIRSTW][ABCDGIRSTW]*\)[	 ][	 ]*\([_A-Za-z][_A-Za-z0-9]*\)$/\1 \2 \2/p'\'' | /bin/sed '\''/ __gnu_lto/d'\'''
lt_cv_sys_global_symbol_to_c_name_address='/bin/sed -n -e '\''s/^: \(.*\) .*$/  {"\1", (void *) 0},/p'\'' -e '\''s/^[ABCDGIRSTW][ABCDGIRSTW]* .* \(.*\)$/  {"\1", (void *) \&\1},/p'\'''
lt_cv_sys_global_symbol_to_c_name_address_lib_prefix='/bin/sed -n -e '\''s/^: \(.*\) .*$/  {"\1", (void *) 0},/p'\'' -e '\''s/^[ABCDGIRSTW][ABCDGIRSTW]* .* \(lib.*\)$/  {"\1", (void *) \&\1},/p'\'' -e '\''s/^[ABCDGIRSTW][ABCDGIRSTW]* .* \(.*\)$/  {"lib\1", (void *) \&\1},/p'\'''
lt_cv_sys_global_symbol_to_cdecl='/bin/sed -n -e '\''s/^T .* \(.*\)$/extern int \1();/p'\'' -e '\''s/^[ABCDGIRSTW][ABCDGIRSTW]* .* \(.*\)$/extern char \1;/p'\'''
lt_cv_sys_global_symbol_to_import=
lt_cv_sys_max_cmd_len=1572864
lt_cv_to_host_file_cmd=func_convert_file_noop
lt_cv_to_tool_file_cmd=func_convert_file_noop
lt_cv_truncate_bin='/bin/dd bs=4096 count=1'
php_cv_cc_rpath=yes

## ----------------- ##
## Output variables. ##
## ----------------- ##

AR='ar'
AWK='nawk'
BUILD_CC='cc'
CC='cc'
CFLAGS='-g -O2'
CONFIGURE_COMMAND=' '\''./configure'\''  '\''--with-php-config=/usr/bin/php-config8.4'\'' '\''LDFLAGS=-L/home/jochen/projects/quicpro-php/quicpro_async/extension/../quiche/target/release -Wl,-rpath=/home/jochen/projects/quicpro-php/quicpro_async/extension/../quiche/target/release'\'''
CONFIGURE_OPTIONS=' '\''--with-php-config=/usr/bin/php-config8.4'\'' '\''LDFLAGS=-L/home/jochen/projects/quicpro-php/quicpro_async/extension/../quiche/target/release -Wl,-rpath=/home/jochen/projects/quicpro-php/quicpro_async/extension/../quiche/target/release'\'''
CPP='cc -E'
CPPFLAGS='-I/home/jochen/projects/quicpro-php/quicpro_async/extension/include -I/home/jochen/projects/quicpro-php/quicpro_async/extension/../quiche/include -DHAVE_CONFIG_H'
DEFS='-DHAVE_CONFIG_H'
DLLTOOL='false'
DSYMUTIL=''
DUMPBIN=''
ECHO_C=''
ECHO_N='-n'
ECHO_T=''
EGREP='/bin/grep -E'
EXEEXT=''
FGREP='/bin/grep -F'
FILECMD='file'
GREP='/bin/grep'
LD='/bin/ld -m elf_x86_64'
LDFLAGS='-L/home/jochen/projects/quicpro-php/quicpro_async/extension/../quiche/target/release                   -Wl,-rpath=/home/jochen/projects/quicpro-php/quicpro_async/extension/../quiche/target/release'
LIBOBJS=''
LIBS=''
LIBTOOL='$(SHELL) $(top_builddir)/libtool'
LIPO=''
LN_S='ln -s'
LTLIBOBJS=''
LT_SYS_LIBRARY_PATH=''
MANIFEST_TOOL=':'
NM='/bin/nm -B'
NMEDIT=''
OBJDUMP='objdump'
OBJEXT='o'
OTOOL64=''
OTOOL=''
PACKAGE_BUGREPORT=''
PACKAGE_NAME=''
PACKAGE_STRING=''
PACKAGE_TARNAME=''
PACKAGE_URL=''
PACKAGE_VERSION=''
PATH_SEPARATOR=':'
PKG_CONFIG='/bin/pkg-config'
PKG_CONFIG_LIBDIR=''
PKG_CONFIG_PATH=''
RANLIB='ranlib'
SED='/bin/sed'
SHELL='/bin/bash'
SHLIB_DL_SUFFIX_NAME='so'
SHLIB_SUFFIX_NAME='so'
STRIP='strip'
ac_ct_AR='ar'
ac_ct_CC='cc'
ac_ct_DUMPBIN=''
bindir='${exec_prefix}/bin'
build='x86_64-pc-linux-gnu'
build_alias=''
build_cpu='x86_64'
build_os='linux-gnu'
build_vendor='pc'
datadir='${datarootdir}'
datarootdir='${prefix}/share'
docdir='${datarootdir}/doc/${PACKAGE}'
dvidir='${docdir}'
exec_prefix='$(prefix)'
host='x86_64-pc-linux-gnu'
host_alias='x86_64-pc-linux-gnu'
host_cpu='x86_64'
host_os='linux-gnu'
host_vendor='pc'
htmldir='${docdir}'
includedir='${prefix}/include'
infodir='${datarootdir}/info'
libdir='${exec_prefix}/lib'
libexecdir='${exec_prefix}/libexec'
localedir='${datarootdir}/locale'
localstatedir='${prefix}/var'
mandir='${datarootdir}/man'
oldincludedir='/usr/include'
pdfdir='${docdir}'
prefix='/usr'
program_transform_name='s,x,x,'
psdir='${docdir}'
runstatedir='${localstatedir}/run'
sbindir='${exec_prefix}/sbin'
sharedstatedir='${prefix}/com'
sysconfdir='${prefix}/etc'
target='x86_64-pc-linux-gnu'
target_alias=''
target_cpu='x86_64'
target_os='linux-gnu'
target_vendor='pc'

## ----------- ##
## confdefs.h. ##
## ----------- ##

/* confdefs.h */
#define PACKAGE_NAME ""
#define PACKAGE_TARNAME ""
#define PACKAGE_VERSION ""
#define PACKAGE_STRING ""
#define PACKAGE_BUGREPORT ""
#define PACKAGE_URL ""
#define COMPILE_DL_QUICPRO_ASYNC 1
#define HAVE_STDIO_H 1
#define HAVE_STDLIB_H 1
#define HAVE_STRING_H 1
#define HAVE_INTTYPES_H 1
#define HAVE_STDINT_H 1
#define HAVE_STRINGS_H 1
#define HAVE_SYS_STAT_H 1
#define HAVE_SYS_TYPES_H 1
#define HAVE_UNISTD_H 1
#define STDC_HEADERS 1
#define HAVE_DLFCN_H 1
#define LT_OBJDIR ".libs/"

configure: exit 0
